<?xml version="1.0" encoding="UTF-8"?>
<!-- Generated by org.testng.reporters.JUnitXMLReporter -->
<testsuite ignored="0" hostname="LAPTOP-N1QJ0PMG" failures="2" tests="3" name="Submit Order Test" time="19.91" errors="0" timestamp="2023-08-21T19:39:01 IST">
  <testcase classname="org.pk.Ecommerce.Test.SubmitOrderTest" name="submitOrder" time="2.15">
    <failure type="java.lang.NullPointerException">
      <![CDATA[java.lang.NullPointerException
at org.pk.Ecommerce.PageObjects.ProductCataloguePage.addProductToCart(ProductCataloguePage.java:54)
at org.pk.Ecommerce.Test.SubmitOrderTest.submitOrder(SubmitOrderTest.java:31)
at java.base/java.util.ArrayList.forEach(ArrayList.java:1541)
at java.base/java.util.concurrent.FutureTask.run(FutureTask.java:264)
at java.base/java.util.concurrent.ThreadPoolExecutor.runWorker(ThreadPoolExecutor.java:1128)
at java.base/java.util.concurrent.ThreadPoolExecutor$Worker.run(ThreadPoolExecutor.java:628)
at java.base/java.lang.Thread.run(Thread.java:834)
... Removed 18 stack frames]]>
    </failure>
  </testcase> <!-- submitOrder -->
  <testcase classname="org.pk.Ecommerce.Test.SubmitOrderTest" name="submitOrder" time="2.724">
    <failure type="java.lang.NullPointerException">
      <![CDATA[java.lang.NullPointerException
at org.pk.Ecommerce.PageObjects.ProductCataloguePage.addProductToCart(ProductCataloguePage.java:54)
at org.pk.Ecommerce.Test.SubmitOrderTest.submitOrder(SubmitOrderTest.java:31)
at java.base/java.util.ArrayList.forEach(ArrayList.java:1541)
at java.base/java.util.concurrent.FutureTask.run(FutureTask.java:264)
at java.base/java.util.concurrent.ThreadPoolExecutor.runWorker(ThreadPoolExecutor.java:1128)
at java.base/java.util.concurrent.ThreadPoolExecutor$Worker.run(ThreadPoolExecutor.java:628)
at java.base/java.lang.Thread.run(Thread.java:834)
... Removed 18 stack frames]]>
    </failure>
  </testcase> <!-- submitOrder -->
  <testcase classname="org.pk.Ecommerce.Test.SubmitOrderTest" name="orderHistoryTest" time="0.0">
    <skipped/>
  </testcase> <!-- orderHistoryTest -->
</testsuite> <!-- Submit Order Test -->
